<?xml version="1.0" encoding="UTF-8"?>
<testng-results ignored="0" total="1" passed="1" failed="0" skipped="0">
  <reporter-output>
  </reporter-output>
  <suite started-at="2022-05-29T06:33:24Z" name="Suite" finished-at="2022-05-29T06:33:26Z" duration-ms="2277">
    <groups>
    </groups>
    <test started-at="2022-05-29T06:33:24Z" name="Test" finished-at="2022-05-29T06:33:26Z" duration-ms="2277">
      <class name="APIChaining.EndToEnd_Test">
        <test-method signature="test1()[pri:0, instance:APIChaining.EndToEnd_Test@67b9b51a]" started-at="2022-05-29T06:33:24Z" name="test1" finished-at="2022-05-29T06:33:26Z" duration-ms="2257" status="PASS">
          <reporter-output>
          </reporter-output>
        </test-method> <!-- test1 -->
      </class> <!-- APIChaining.EndToEnd_Test -->
    </test> <!-- Test -->
  </suite> <!-- Suite -->
</testng-results>
