<?xml version="1.0" encoding="UTF-8"?>
<testng-results ignored="0" total="1" passed="1" failed="0" skipped="0">
  <reporter-output>
  </reporter-output>
  <suite started-at="2022-05-29T06:53:03Z" name="Default suite" finished-at="2022-05-29T06:53:05Z" duration-ms="2108">
    <groups>
    </groups>
    <test started-at="2022-05-29T06:53:03Z" name="Default test" finished-at="2022-05-29T06:53:05Z" duration-ms="2108">
      <class name="Github.EndtoEndTesting">
        <test-method signature="test1()[pri:0, instance:Github.EndtoEndTesting@57ad2aa7]" started-at="2022-05-29T06:53:03Z" name="test1" finished-at="2022-05-29T06:53:05Z" duration-ms="2090" status="PASS">
          <reporter-output>
          </reporter-output>
        </test-method> <!-- test1 -->
      </class> <!-- Github.EndtoEndTesting -->
    </test> <!-- Default test -->
  </suite> <!-- Default suite -->
</testng-results>
